[debug] [2018-02-20T22:21:10.108Z] ----------------------------------------------------------------------
[debug] [2018-02-20T22:21:10.111Z] Command:       C:\Program Files\nodejs\node.exe C:\Users\LABORATORIA 00140\AppData\Roaming\npm\node_modules\firebase-tools\bin\firebase serve
[debug] [2018-02-20T22:21:10.112Z] CLI Version:   3.17.4
[debug] [2018-02-20T22:21:10.112Z] Platform:      win32
[debug] [2018-02-20T22:21:10.112Z] Node Version:  v8.9.4
[debug] [2018-02-20T22:21:10.112Z] Time:          Tue Feb 20 2018 17:21:10 GMT-0500 (Hora est. Pacífico, Sudamérica)
[debug] [2018-02-20T22:21:10.112Z] ----------------------------------------------------------------------
[debug] 
[debug] [2018-02-20T22:21:10.127Z] > command requires scopes: ["email","openid","https://www.googleapis.com/auth/cloudplatformprojects.readonly","https://www.googleapis.com/auth/firebase","https://www.googleapis.com/auth/cloud-platform"]
[debug] [2018-02-20T22:21:10.128Z] > authorizing via signed-in user
[debug] [2018-02-20T22:21:10.130Z] > refreshing access token with scopes: ["email","https://www.googleapis.com/auth/cloud-platform","https://www.googleapis.com/auth/cloudplatformprojects.readonly","https://www.googleapis.com/auth/firebase","openid"]
[debug] [2018-02-20T22:21:10.131Z] >>> HTTP REQUEST POST https://www.googleapis.com/oauth2/v3/token  
 { refresh_token: '1/WmIjbOs-kwlmvA5ztd8Krb6M9otcPwQvx5WozK_lofc',
  client_id: '563584335869-fgrhgmd47bqnekij5i8b5pr03ho849e6.apps.googleusercontent.com',
  client_secret: 'j9iVZfS8kkCEFUPaAeJV0sAi',
  grant_type: 'refresh_token',
  scope: 'email https://www.googleapis.com/auth/cloud-platform https://www.googleapis.com/auth/cloudplatformprojects.readonly https://www.googleapis.com/auth/firebase openid' } 
 Tue Feb 20 2018 17:21:10 GMT-0500 (Hora est. Pacífico, Sudamérica)
[debug] [2018-02-20T22:21:14.760Z] <<< HTTP RESPONSE 200
[debug] [2018-02-20T22:21:14.870Z] >>> HTTP REQUEST GET https://admin.firebase.com/v1/projects/fare-estimate-tv  
  
 Tue Feb 20 2018 17:21:14 GMT-0500 (Hora est. Pacífico, Sudamérica)
[debug] [2018-02-20T22:21:15.666Z] <<< HTTP RESPONSE 200
[debug] [2018-02-20T22:21:15.669Z] >>> HTTP REQUEST GET https://admin.firebase.com/v1/database/fare-estimate-tv/tokens  
  
 Tue Feb 20 2018 17:21:15 GMT-0500 (Hora est. Pacífico, Sudamérica)
[debug] [2018-02-20T22:21:16.418Z] <<< HTTP RESPONSE 200
[info] 
[info] === Serving from 'C:\Users\LABORATORIA 00140\Desktop\vanessa-Lab\fare-estimate'...
[info] 
[debug] [2018-02-20T22:21:16.430Z] >>> HTTP REQUEST GET https://cloudresourcemanager.googleapis.com/v1/projects/fare-estimate-tv  
  
 Tue Feb 20 2018 17:21:16 GMT-0500 (Hora est. Pacífico, Sudamérica)
[debug] [2018-02-20T22:21:17.195Z] <<< HTTP RESPONSE 200
[debug] [2018-02-20T22:21:17.197Z] >>> HTTP REQUEST GET https://mobilesdk-pa.googleapis.com/v1/projects/25625867728/clients/_:getWebAppConfig  
  
 Tue Feb 20 2018 17:21:17 GMT-0500 (Hora est. Pacífico, Sudamérica)
[debug] [2018-02-20T22:21:21.198Z] <<< HTTP RESPONSE 200
[info] i  hosting: Serving hosting files from: public
[info] +  hosting: Local server: http://localhost:5000

